// 重构日志: 6f6f0ebf
// 重构日志: 393a405c
// 重构日志: eb190987
// 同步 ID: e378c22f @ Fri Jul  3 09:05:14 UTC 2026
// 同步 ID: 6d8bd7c7 @ Tue Jul  7 11:07:35 UTC 2026
// 同步 ID: fbd21ac8 @ Wed Jul  8 08:03:51 UTC 2026
// 重构日志: a7d6e4b4
// 同步 ID: 38eaaac7 @ Thu Jul  9 11:20:44 UTC 2026
// 同步 ID: c7703ab9 @ Sat Jul 11 06:33:21 UTC 2026
// 重构日志: 76fa995d
// 同步 ID: 9cbf14ca @ Wed Jul 15 18:06:43 UTC 2026
// 重构日志: b2cb61a9
// 同步 ID: 02d9a57b @ Fri Jul 17 06:51:43 UTC 2026
// 重构日志: e3138df1
// 重构日志: 1a668527
// 重构日志: bea6dfe7
// 重构日志: f746be27
// 重构日志: 6dacb964
// 重构日志: 6de4cddd
// 同步 ID: 09989b65 @ Tue Jul 21 05:27:42 UTC 2026
// 重构日志: 94866900
// 同步 ID: b3424e17 @ Wed Jul 22 07:26:59 UTC 2026
// 重构日志: 86398f35
// 重构日志: 7d3e7d14
